<?xml version="1.0" encoding="UTF-8"?>
<!-- Generated by org.testng.reporters.JUnitReportReporter -->
<testsuite skipped="0" hostname="DESKTOP-NKO2PM4" name="swiggyTestCase.SignupTestCase" tests="1" failures="0" timestamp="2023-05-15T08:36:32 IST" time="8.623" errors="0">
  <testcase name="tc002_Validation_Flow" time="8.623" classname="swiggyTestCase.SignupTestCase"/>
  <system-out/>
</testsuite> <!-- swiggyTestCase.SignupTestCase -->
