<?xml version="1.0" encoding="UTF-8"?>
<!-- Generated by org.testng.reporters.JUnitReportReporter -->
<testsuite skipped="0" hostname="DESKTOP-NKO2PM4" name="swiggyTestCase.LoginTestCase" tests="1" failures="0" timestamp="2023-05-15T08:34:45 IST" time="8.002" errors="0">
  <testcase name="tc001_Validation_Flow" time="8.002" classname="swiggyTestCase.LoginTestCase"/>
  <system-out/>
</testsuite> <!-- swiggyTestCase.LoginTestCase -->
